<?xml version="1.0" encoding="UTF-8" ?>
<testsuite tests="1" failures="0" name="org.trycloud.api.AppTest" time="0.005" errors="0" skipped="0">
  <properties>
    <property name="java.runtime.name" value="Java(TM) SE Runtime Environment"/>
    <property name="sun.boot.library.path" value="E:\javajdk\java8\jdk1.8.0_171\jre\bin"/>
    <property name="java.vm.version" value="25.171-b11"/>
    <property name="java.vm.vendor" value="Oracle Corporation"/>
    <property name="maven.multiModuleProjectDirectory" value="F:\mycode\Users\study\tryfxycloud"/>
    <property name="java.vendor.url" value="http://java.oracle.com/"/>
    <property name="path.separator" value=";"/>
    <property name="guice.disable.misplaced.annotation.check" value="true"/>
    <property name="java.vm.name" value="Java HotSpot(TM) 64-Bit Server VM"/>
    <property name="file.encoding.pkg" value="sun.io"/>
    <property name="user.script" value=""/>
    <property name="user.country" value="CN"/>
    <property name="sun.java.launcher" value="SUN_STANDARD"/>
    <property name="sun.os.patch.level" value=""/>
    <property name="java.vm.specification.name" value="Java Virtual Machine Specification"/>
    <property name="user.dir" value="F:\mycode\Users\study\tryfxycloud"/>
    <property name="java.runtime.version" value="1.8.0_171-b11"/>
    <property name="java.awt.graphicsenv" value="sun.awt.Win32GraphicsEnvironment"/>
    <property name="java.endorsed.dirs" value="E:\javajdk\java8\jdk1.8.0_171\jre\lib\endorsed"/>
    <property name="os.arch" value="amd64"/>
    <property name="java.io.tmpdir" value="C:\Users\范向阳\AppData\Local\Temp\"/>
    <property name="line.separator" value="
"/>
    <property name="java.vm.specification.vendor" value="Oracle Corporation"/>
    <property name="user.variant" value=""/>
    <property name="os.name" value="Windows 10"/>
    <property name="classworlds.conf" value="F:\mycode\Users\study\.metadata\.plugins\org.eclipse.m2e.launching\launches\m2conf2875335116975136185.tmp"/>
    <property name="sun.jnu.encoding" value="GBK"/>
    <property name="java.library.path" value="E:\javajdk\java8\jdk1.8.0_171\jre\bin;C:\WINDOWS\Sun\Java\bin;C:\WINDOWS\system32;C:\WINDOWS;E:/javajdk/java8/jdk1.8.0_171/bin/../jre/bin/server;E:/javajdk/java8/jdk1.8.0_171/bin/../jre/bin;E:/javajdk/java8/jdk1.8.0_171/bin/../jre/lib/amd64;E:\javajdk\java8\jdk1.8.0_171\bin;E:\javajdk\java8\jdk1.8.0_171\jre\bin;C:\WINDOWS\system32;C:\WINDOWS;C:\WINDOWS\System32\Wbem;C:\WINDOWS\System32\WindowsPowerShell\v1.0\;F:\mysoft\apache-maven-3.5.3-bin\apache-maven-3.5.3\bin;C:\WINDOWS\System32\OpenSSH\;C:\Program Files\Intel\WiFi\bin\;C:\Program Files\Common Files\Intel\WirelessCommon\;%ERLANG_HOME%\bin;%mysql_home%\bin;D:\work_soft\Git\cmd;D:\work_soft\gradle-6.0.1-bin\gradle-6.0.1\bin;D:\work_soft\node-v12.18.3-win-x64;D:\work_soft\node-v12.18.3-win-x64\node_global;D:\work_soft\node-v12.18.3-win-x64\node-global;C:\Program Files (x86)\IDM Computer Solutions\UltraEdit;C:\Program Files\Intel\WiFi\bin\;C:\Program Files\Common Files\Intel\WirelessCommon\;C:\Users\范向阳\AppData\Local\Microsoft\WindowsApps;E:\Program Files\JetBrains\IntelliJ IDEA 2018.3.1\bin;;&quot;.;E:\javajdk\java8\jdk1.8.0_171\bin&quot;;;D:\work_soft\eclipse-jee-oxygen-3a-win32-x86_64\eclipse;;."/>
    <property name="java.specification.name" value="Java Platform API Specification"/>
    <property name="java.class.version" value="52.0"/>
    <property name="sun.management.compiler" value="HotSpot 64-Bit Tiered Compilers"/>
    <property name="os.version" value="10.0"/>
    <property name="user.home" value="C:\Users\范向阳"/>
    <property name="user.timezone" value="Asia/Shanghai"/>
    <property name="java.awt.printerjob" value="sun.awt.windows.WPrinterJob"/>
    <property name="java.specification.version" value="1.8"/>
    <property name="file.encoding" value="GBK"/>
    <property name="user.name" value="try"/>
    <property name="java.class.path" value="F:\mysoft\apache-maven-3.5.3-bin\apache-maven-3.5.3\boot\plexus-classworlds-2.5.2.jar"/>
    <property name="java.vm.specification.version" value="1.8"/>
    <property name="sun.arch.data.model" value="64"/>
    <property name="java.home" value="E:\javajdk\java8\jdk1.8.0_171\jre"/>
    <property name="sun.java.command" value="org.codehaus.plexus.classworlds.launcher.Launcher -B -gs F:\mysoft\apache-maven-3.5.3-bin\apache-maven-3.5.3\conf\settings.xml -s F:\mysoft\apache-maven-3.5.3-bin\apache-maven-3.5.3\conf\settings.xml install"/>
    <property name="java.specification.vendor" value="Oracle Corporation"/>
    <property name="user.language" value="zh"/>
    <property name="awt.toolkit" value="sun.awt.windows.WToolkit"/>
    <property name="java.vm.info" value="mixed mode"/>
    <property name="java.version" value="1.8.0_171"/>
    <property name="java.ext.dirs" value="E:\javajdk\java8\jdk1.8.0_171\jre\lib\ext;C:\WINDOWS\Sun\Java\lib\ext"/>
    <property name="sun.boot.class.path" value="E:\javajdk\java8\jdk1.8.0_171\jre\lib\resources.jar;E:\javajdk\java8\jdk1.8.0_171\jre\lib\rt.jar;E:\javajdk\java8\jdk1.8.0_171\jre\lib\sunrsasign.jar;E:\javajdk\java8\jdk1.8.0_171\jre\lib\jsse.jar;E:\javajdk\java8\jdk1.8.0_171\jre\lib\jce.jar;E:\javajdk\java8\jdk1.8.0_171\jre\lib\charsets.jar;E:\javajdk\java8\jdk1.8.0_171\jre\lib\jfr.jar;E:\javajdk\java8\jdk1.8.0_171\jre\classes"/>
    <property name="java.vendor" value="Oracle Corporation"/>
    <property name="maven.home" value="F:\mysoft\apache-maven-3.5.3-bin\apache-maven-3.5.3"/>
    <property name="file.separator" value="\"/>
    <property name="java.vendor.url.bug" value="http://bugreport.sun.com/bugreport/"/>
    <property name="sun.cpu.endian" value="little"/>
    <property name="sun.io.unicode.encoding" value="UnicodeLittle"/>
    <property name="sun.desktop" value="windows"/>
    <property name="sun.cpu.isalist" value="amd64"/>
  </properties>
  <testcase classname="org.trycloud.api.AppTest" name="testApp" time="0.005"/>
</testsuite>